{"C:\\Users\\Asim\\Documents\\1personalPrrojects\\fatoorahParser\\src\\index.ts": {"path":"C:\\Users\\Asim\\Documents\\1personalPrrojects\\fatoorahParser\\src\\index.ts","all":false,"statementMap":{"0":{"start":{"line":1,"column":0},"end":{"line":1,"column":32}},"1":{"start":{"line":2,"column":0},"end":{"line":2,"column":0}},"2":{"start":{"line":3,"column":0},"end":{"line":3,"column":30}},"3":{"start":{"line":4,"column":0},"end":{"line":4,"column":17}},"4":{"start":{"line":5,"column":0},"end":{"line":5,"column":22}},"5":{"start":{"line":6,"column":0},"end":{"line":6,"column":14}},"6":{"start":{"line":7,"column":0},"end":{"line":7,"column":6}},"7":{"start":{"line":8,"column":0},"end":{"line":8,"column":16}},"8":{"start":{"line":9,"column":0},"end":{"line":9,"column":22}},"9":{"start":{"line":10,"column":0},"end":{"line":10,"column":14}},"10":{"start":{"line":11,"column":0},"end":{"line":11,"column":6}},"11":{"start":{"line":12,"column":0},"end":{"line":12,"column":16}},"12":{"start":{"line":13,"column":0},"end":{"line":13,"column":22}},"13":{"start":{"line":14,"column":0},"end":{"line":14,"column":14}},"14":{"start":{"line":15,"column":0},"end":{"line":15,"column":6}},"15":{"start":{"line":16,"column":0},"end":{"line":16,"column":20}},"16":{"start":{"line":17,"column":0},"end":{"line":17,"column":22}},"17":{"start":{"line":18,"column":0},"end":{"line":18,"column":14}},"18":{"start":{"line":19,"column":0},"end":{"line":19,"column":6}},"19":{"start":{"line":20,"column":0},"end":{"line":20,"column":16}},"20":{"start":{"line":21,"column":0},"end":{"line":21,"column":22}},"21":{"start":{"line":22,"column":0},"end":{"line":22,"column":14}},"22":{"start":{"line":23,"column":0},"end":{"line":23,"column":5}},"23":{"start":{"line":24,"column":0},"end":{"line":24,"column":1}},"24":{"start":{"line":25,"column":0},"end":{"line":25,"column":0}},"25":{"start":{"line":26,"column":0},"end":{"line":26,"column":34}},"26":{"start":{"line":27,"column":0},"end":{"line":27,"column":34}},"27":{"start":{"line":28,"column":0},"end":{"line":28,"column":34}},"28":{"start":{"line":29,"column":0},"end":{"line":29,"column":38}},"29":{"start":{"line":30,"column":0},"end":{"line":30,"column":36}},"30":{"start":{"line":31,"column":0},"end":{"line":31,"column":34}},"31":{"start":{"line":32,"column":0},"end":{"line":32,"column":2}},"32":{"start":{"line":33,"column":0},"end":{"line":33,"column":0}},"33":{"start":{"line":34,"column":0},"end":{"line":34,"column":59}},"34":{"start":{"line":35,"column":0},"end":{"line":35,"column":9}},"35":{"start":{"line":36,"column":0},"end":{"line":36,"column":32}},"36":{"start":{"line":37,"column":0},"end":{"line":37,"column":93}},"37":{"start":{"line":38,"column":0},"end":{"line":38,"column":59}},"38":{"start":{"line":39,"column":0},"end":{"line":39,"column":51}},"39":{"start":{"line":40,"column":0},"end":{"line":40,"column":62}},"40":{"start":{"line":41,"column":0},"end":{"line":41,"column":50}},"41":{"start":{"line":42,"column":0},"end":{"line":42,"column":58}},"42":{"start":{"line":43,"column":0},"end":{"line":43,"column":95}},"43":{"start":{"line":44,"column":0},"end":{"line":44,"column":64}},"44":{"start":{"line":45,"column":0},"end":{"line":45,"column":0}},"45":{"start":{"line":46,"column":0},"end":{"line":46,"column":10}},"46":{"start":{"line":47,"column":0},"end":{"line":47,"column":17}},"47":{"start":{"line":48,"column":0},"end":{"line":48,"column":87}},"48":{"start":{"line":49,"column":0},"end":{"line":49,"column":5}},"49":{"start":{"line":50,"column":0},"end":{"line":50,"column":25}},"50":{"start":{"line":51,"column":0},"end":{"line":51,"column":1}},"51":{"start":{"line":52,"column":0},"end":{"line":52,"column":0}},"52":{"start":{"line":53,"column":0},"end":{"line":53,"column":42}},"53":{"start":{"line":54,"column":0},"end":{"line":54,"column":19}},"54":{"start":{"line":55,"column":0},"end":{"line":55,"column":22}},"55":{"start":{"line":56,"column":0},"end":{"line":56,"column":26}},"56":{"start":{"line":57,"column":0},"end":{"line":57,"column":16}},"57":{"start":{"line":58,"column":0},"end":{"line":58,"column":25}},"58":{"start":{"line":59,"column":0},"end":{"line":59,"column":5}},"59":{"start":{"line":60,"column":0},"end":{"line":60,"column":1}}},"s":{"0":1,"1":1,"2":1,"3":1,"4":1,"5":1,"6":1,"7":1,"8":1,"9":1,"10":1,"11":1,"12":1,"13":1,"14":1,"15":1,"16":1,"17":1,"18":1,"19":1,"20":1,"21":1,"22":1,"23":1,"24":1,"25":1,"26":1,"27":1,"28":1,"29":1,"30":1,"31":1,"32":1,"33":1,"34":4,"35":4,"36":4,"37":4,"38":4,"39":7,"40":7,"41":7,"42":7,"43":7,"44":7,"45":7,"46":4,"47":3,"48":3,"49":1,"50":1,"51":1,"52":5,"53":5,"54":5,"55":5,"56":5,"57":5,"58":5,"59":5},"branchMap":{"0":{"type":"branch","line":34,"loc":{"start":{"line":34,"column":7},"end":{"line":51,"column":1}},"locations":[{"start":{"line":34,"column":7},"end":{"line":51,"column":1}}]},"1":{"type":"branch","line":47,"loc":{"start":{"line":47,"column":6},"end":{"line":49,"column":5}},"locations":[{"start":{"line":47,"column":6},"end":{"line":49,"column":5}}]},"2":{"type":"branch","line":50,"loc":{"start":{"line":50,"column":-2},"end":{"line":51,"column":1}},"locations":[{"start":{"line":50,"column":-2},"end":{"line":51,"column":1}}]},"3":{"type":"branch","line":39,"loc":{"start":{"line":39,"column":44},"end":{"line":46,"column":10}},"locations":[{"start":{"line":39,"column":44},"end":{"line":46,"column":10}}]},"4":{"type":"branch","line":53,"loc":{"start":{"line":53,"column":0},"end":{"line":60,"column":1}},"locations":[{"start":{"line":53,"column":0},"end":{"line":60,"column":1}}]},"5":{"type":"branch","line":55,"loc":{"start":{"line":55,"column":8},"end":{"line":56,"column":19}},"locations":[{"start":{"line":55,"column":8},"end":{"line":56,"column":19}}]},"6":{"type":"branch","line":57,"loc":{"start":{"line":57,"column":8},"end":{"line":58,"column":19}},"locations":[{"start":{"line":57,"column":8},"end":{"line":58,"column":19}}]}},"b":{"0":[4],"1":[3],"2":[1],"3":[7],"4":[5],"5":[3],"6":[2]},"fnMap":{"0":{"name":"toJson","decl":{"start":{"line":34,"column":7},"end":{"line":51,"column":1}},"loc":{"start":{"line":34,"column":7},"end":{"line":51,"column":1}},"line":34},"1":{"name":"parseValue","decl":{"start":{"line":53,"column":0},"end":{"line":60,"column":1}},"loc":{"start":{"line":53,"column":0},"end":{"line":60,"column":1}},"line":53}},"f":{"0":4,"1":5}}
}
