TN:
SF:src\index.ts
FN:34,toJson
FN:53,parseValue
FNF:2
FNH:2
FNDA:4,toJson
FNDA:5,parseValue
DA:1,1
DA:2,1
DA:3,1
DA:4,1
DA:5,1
DA:6,1
DA:7,1
DA:8,1
DA:9,1
DA:10,1
DA:11,1
DA:12,1
DA:13,1
DA:14,1
DA:15,1
DA:16,1
DA:17,1
DA:18,1
DA:19,1
DA:20,1
DA:21,1
DA:22,1
DA:23,1
DA:24,1
DA:25,1
DA:26,1
DA:27,1
DA:28,1
DA:29,1
DA:30,1
DA:31,1
DA:32,1
DA:33,1
DA:34,1
DA:35,4
DA:36,4
DA:37,4
DA:38,4
DA:39,4
DA:40,7
DA:41,7
DA:42,7
DA:43,7
DA:44,7
DA:45,7
DA:46,7
DA:47,4
DA:48,3
DA:49,3
DA:50,1
DA:51,1
DA:52,1
DA:53,5
DA:54,5
DA:55,5
DA:56,5
DA:57,5
DA:58,5
DA:59,5
DA:60,5
LF:60
LH:60
BRDA:34,0,0,4
BRDA:47,1,0,3
BRDA:50,2,0,1
BRDA:39,3,0,7
BRDA:53,4,0,5
BRDA:55,5,0,3
BRDA:57,6,0,2
BRF:7
BRH:7
end_of_record
